2022-09-01 15:53:33,502 INFO org.springframework.boot.StartupInfoLogger [main] Starting Main using Java 1.8.0_333 on Confiz-6142.local with PID 4201 (/Users/maleehakhalid/Documents/Practice/Java/SpringBootExample/target/classes started by maleehakhalid in /Users/maleehakhalid/Documents/Practice/Java/SpringBootExample)
2022-09-01 15:53:33,506 INFO org.springframework.boot.SpringApplication [main] The following 1 profile is active: "dev"
2022-09-01 15:53:35,097 INFO org.springframework.data.repository.config.RepositoryConfigurationDelegate [main] Bootstrapping Spring Data JPA repositories in DEFAULT mode.
2022-09-01 15:53:35,180 INFO org.springframework.data.repository.config.RepositoryConfigurationDelegate [main] Finished Spring Data repository scanning in 73 ms. Found 2 JPA repository interfaces.
2022-09-01 15:53:36,211 INFO org.springframework.boot.web.embedded.tomcat.TomcatWebServer [main] Tomcat initialized with port(s): 8080 (http)
2022-09-01 15:53:36,222 INFO org.apache.juli.logging.DirectJDKLog [main] Initializing ProtocolHandler ["http-nio-8080"]
2022-09-01 15:53:36,222 INFO org.apache.juli.logging.DirectJDKLog [main] Starting service [Tomcat]
2022-09-01 15:53:36,222 INFO org.apache.juli.logging.DirectJDKLog [main] Starting Servlet engine: [Apache Tomcat/9.0.65]
2022-09-01 15:53:36,466 INFO org.apache.juli.logging.DirectJDKLog [main] Initializing Spring embedded WebApplicationContext
2022-09-01 15:53:36,467 INFO org.springframework.boot.web.servlet.context.ServletWebServerApplicationContext [main] Root WebApplicationContext: initialization completed in 2838 ms
2022-09-01 15:53:37,455 INFO org.hibernate.jpa.internal.util.LogHelper [main] HHH000204: Processing PersistenceUnitInfo [name: default]
2022-09-01 15:53:37,497 INFO org.hibernate.Version [main] HHH000412: Hibernate ORM core version 5.6.10.Final
2022-09-01 15:53:37,686 INFO org.hibernate.annotations.common.reflection.java.JavaReflectionManager [main] HCANN000001: Hibernate Commons Annotations {5.1.2.Final}
2022-09-01 15:53:37,761 INFO com.zaxxer.hikari.HikariDataSource [main] HikariPool-1 - Starting...
2022-09-01 15:53:37,766 WARN com.zaxxer.hikari.util.DriverDataSource [main] Registered driver with driverClassName=org.apache.derby.jdbc.EmbeddedDriver was not found, trying direct instantiation.
2022-09-01 15:53:38,388 INFO com.zaxxer.hikari.pool.PoolBase [main] HikariPool-1 - Driver does not support get/set network timeout for connections. (Feature not implemented: No details.)
2022-09-01 15:53:38,413 INFO com.zaxxer.hikari.HikariDataSource [main] HikariPool-1 - Start completed.
2022-09-01 15:53:38,447 INFO org.hibernate.dialect.Dialect [main] HHH000400: Using dialect: org.hibernate.dialect.DerbyTenSevenDialect
2022-09-01 15:53:40,004 INFO org.hibernate.engine.transaction.jta.platform.internal.JtaPlatformInitiator [main] HHH000490: Using JtaPlatform implementation: [org.hibernate.engine.transaction.jta.platform.internal.NoJtaPlatform]
2022-09-01 15:53:40,025 INFO org.springframework.orm.jpa.AbstractEntityManagerFactoryBean [main] Initialized JPA EntityManagerFactory for persistence unit 'default'
2022-09-01 15:53:40,735 WARN org.springframework.boot.autoconfigure.orm.jpa.JpaBaseConfiguration$JpaWebConfiguration [main] spring.jpa.open-in-view is enabled by default. Therefore, database queries may be performed during view rendering. Explicitly configure spring.jpa.open-in-view to disable this warning
2022-09-01 15:53:41,536 INFO org.springframework.boot.actuate.endpoint.web.EndpointLinksResolver [main] Exposing 13 endpoint(s) beneath base path '/actuator'
2022-09-01 15:53:41,603 INFO org.apache.juli.logging.DirectJDKLog [main] Starting ProtocolHandler ["http-nio-8080"]
2022-09-01 15:53:41,627 INFO org.springframework.boot.web.embedded.tomcat.TomcatWebServer [main] Tomcat started on port(s): 8080 (http) with context path ''
2022-09-01 15:53:41,657 INFO org.springframework.boot.StartupInfoLogger [main] Started Main in 9.056 seconds (JVM running for 9.67)
2022-09-01 15:56:01,236 INFO org.springframework.orm.jpa.AbstractEntityManagerFactoryBean [SpringApplicationShutdownHook] Closing JPA EntityManagerFactory for persistence unit 'default'
2022-09-01 15:56:01,257 INFO com.zaxxer.hikari.HikariDataSource [SpringApplicationShutdownHook] HikariPool-1 - Shutdown initiated...
2022-09-01 15:56:01,269 INFO com.zaxxer.hikari.HikariDataSource [SpringApplicationShutdownHook] HikariPool-1 - Shutdown completed.
